⛚ ⛚ ⛚ ⛚ ⛚ ⛚ ⛚ ⛚ ⛚ ⛚ ⛚ ⛚ ⛚ ⛚ 
⛚ ⛚ ⛚ ⛚ ⛚ ⛚ ⛚ ⛚ ⛚ ⛚ ⛚ ⛚ ⛚ ⛚ 
⛚ ⛚ ⛚ ⛚ ⛚ ⛚ ⛚ ⛚ ⛚ ⛚ ⛚ ⛚ ⛚ ⛚ 
⛚ ⛚ ⛚ ⛚ ⛚ ⛚ ⛚ ⛚ ⛚ ⛚ ⛚ ⛚ ⛚ ⛚ 
⛚ ⛚ ⛚ ⛚ ⛚ ⛚ ⛚ ⛚ ⛚ ⛚ ⛚ ⛚ ⛚ ⛚ 
⛚ ⛚ ⛚ ⛚ ⛚ ⛚ ⛚ ⛚ ⛚ ⛚ ⛚ ⛚ ⛚ ⛚ 
⛚ ⛚ ⛚ ⛚ ⛚ ⛚ ⛚ ⛚ ⛚ ⛚ ⛚ ⛚ ⛚ ⛚ 
⛚ ⛚ ⛚ ⛚ ⛚ ⛚ ⛚ ⛚ ⛚ ⛚ ⛚ ⛚ ⛚ ⛚ 
⛚ ⛚ ⛚ ⛚ ⛚ ⛚ ⛚ ⛚ ⛚ ⛚ ⛚ ⛚ ⛚ ⛚ 
⛚ ⛚ ⛚ ⛚ ⛚ ⛚ ⛚ ⛚ ⛚ ⛚ ⛚ ⛚ ⛚ ⛚ 
⛚ ⛚ ⛚ ⛚ ⛚ ⛚ ⛚ ⛚ ⛚ ⛚ ⛚ ⛚ ⛚ ⛚ 
⛚ ⛚ ⛚ ⛚ ⛚ ⛚ ⛚ ⛚ ⛚ ⛚ ⛚ ⛚ ⛚ ⛚ 
⛚ ⛚ ⛚ ⛚ ⛚ ⛚ ⛚ ⛚ ⛚ ⛚ ⛚ ⛚ ⛚ ⛚ 
⛚ ⛚ ⛚ ⛚ ⛚ ⛚ ⛚ ⛚ ⛚ ⛚ ⛚ ⛚ ⛚ ⛚ 
player 0: 15 0 0 4 3
⛚ ⛚ ⛚ ⛚ ⛚ ⛚ ⛚ ⛚ ⛚ ⛚ ⛚ ⛚ ⛚ ⛚ 
⛚ ⛚ ⛚ ⛚ ⛚ ⛚ ⛚ ⛚ ⛚ ⛚ ⛚ ⛚ ⛚ ⛚ 
⛚ ⛚ ⛚ ⛚ ⛚ ⛚ ⛚ ⛚ ⛚ ⛚ ⛚ ⛚ ⛚ ⛚ 
⛚ ⛚ ⛚ ⛚ ⛚ ⛚ ⛚ ⛚ ⛚ ⛚ ⛚ ⛚ ⛚ ⛚ 
⛚ ⛚ ⛚ ⛚ ⛊ ⛚ ⛚ ⛚ ⛚ ⛚ ⛚ ⛚ ⛚ ⛚ 
⛚ ⛚ ⛚ ⛊ ⛊ ⛊ ⛚ ⛚ ⛚ ⛚ ⛚ ⛚ ⛚ ⛚ 
⛚ ⛚ ⛚ ⛚ ⛊ ⛚ ⛚ ⛚ ⛚ ⛚ ⛚ ⛚ ⛚ ⛚ 
⛚ ⛚ ⛚ ⛚ ⛚ ⛚ ⛚ ⛚ ⛚ ⛚ ⛚ ⛚ ⛚ ⛚ 
⛚ ⛚ ⛚ ⛚ ⛚ ⛚ ⛚ ⛚ ⛚ ⛚ ⛚ ⛚ ⛚ ⛚ 
⛚ ⛚ ⛚ ⛚ ⛚ ⛚ ⛚ ⛚ ⛚ ⛚ ⛚ ⛚ ⛚ ⛚ 
⛚ ⛚ ⛚ ⛚ ⛚ ⛚ ⛚ ⛚ ⛚ ⛚ ⛚ ⛚ ⛚ ⛚ 
⛚ ⛚ ⛚ ⛚ ⛚ ⛚ ⛚ ⛚ ⛚ ⛚ ⛚ ⛚ ⛚ ⛚ 
⛚ ⛚ ⛚ ⛚ ⛚ ⛚ ⛚ ⛚ ⛚ ⛚ ⛚ ⛚ ⛚ ⛚ 
⛚ ⛚ ⛚ ⛚ ⛚ ⛚ ⛚ ⛚ ⛚ ⛚ ⛚ ⛚ ⛚ ⛚ 
player 1: 15 0 0 9 8
⛚ ⛚ ⛚ ⛚ ⛚ ⛚ ⛚ ⛚ ⛚ ⛚ ⛚ ⛚ ⛚ ⛚ 
⛚ ⛚ ⛚ ⛚ ⛚ ⛚ ⛚ ⛚ ⛚ ⛚ ⛚ ⛚ ⛚ ⛚ 
⛚ ⛚ ⛚ ⛚ ⛚ ⛚ ⛚ ⛚ ⛚ ⛚ ⛚ ⛚ ⛚ ⛚ 
⛚ ⛚ ⛚ ⛚ ⛚ ⛚ ⛚ ⛚ ⛚ ⛚ ⛚ ⛚ ⛚ ⛚ 
⛚ ⛚ ⛚ ⛚ ⛊ ⛚ ⛚ ⛚ ⛚ ⛚ ⛚ ⛚ ⛚ ⛚ 
⛚ ⛚ ⛚ ⛊ ⛊ ⛊ ⛚ ⛚ ⛚ ⛚ ⛚ ⛚ ⛚ ⛚ 
⛚ ⛚ ⛚ ⛚ ⛊ ⛚ ⛚ ⛚ ⛚ ⛚ ⛚ ⛚ ⛚ ⛚ 
⛚ ⛚ ⛚ ⛚ ⛚ ⛚ ⛚ ⛚ ⛚ ⛚ ⛚ ⛚ ⛚ ⛚ 
⛚ ⛚ ⛚ ⛚ ⛚ ⛚ ⛚ ⛚ ⛚ ⛚ ⛚ ⛚ ⛚ ⛚ 
⛚ ⛚ ⛚ ⛚ ⛚ ⛚ ⛚ ⛚ ⛚ ⛛ ⛚ ⛚ ⛚ ⛚ 
⛚ ⛚ ⛚ ⛚ ⛚ ⛚ ⛚ ⛚ ⛛ ⛛ ⛛ ⛚ ⛚ ⛚ 
⛚ ⛚ ⛚ ⛚ ⛚ ⛚ ⛚ ⛚ ⛚ ⛛ ⛚ ⛚ ⛚ ⛚ 
⛚ ⛚ ⛚ ⛚ ⛚ ⛚ ⛚ ⛚ ⛚ ⛚ ⛚ ⛚ ⛚ ⛚ 
⛚ ⛚ ⛚ ⛚ ⛚ ⛚ ⛚ ⛚ ⛚ ⛚ ⛚ ⛚ ⛚ ⛚ 
player 0: 16 3 0 6 6
⛚ ⛚ ⛚ ⛚ ⛚ ⛚ ⛚ ⛚ ⛚ ⛚ ⛚ ⛚ ⛚ ⛚ 
⛚ ⛚ ⛚ ⛚ ⛚ ⛚ ⛚ ⛚ ⛚ ⛚ ⛚ ⛚ ⛚ ⛚ 
⛚ ⛚ ⛚ ⛚ ⛚ ⛚ ⛚ ⛚ ⛚ ⛚ ⛚ ⛚ ⛚ ⛚ 
⛚ ⛚ ⛚ ⛚ ⛚ ⛚ ⛚ ⛚ ⛚ ⛚ ⛚ ⛚ ⛚ ⛚ 
⛚ ⛚ ⛚ ⛚ ⛊ ⛚ ⛚ ⛚ ⛚ ⛚ ⛚ ⛚ ⛚ ⛚ 
⛚ ⛚ ⛚ ⛊ ⛊ ⛊ ⛚ ⛚ ⛚ ⛚ ⛚ ⛚ ⛚ ⛚ 
⛚ ⛚ ⛚ ⛚ ⛊ ⛚ ⛊ ⛚ ⛚ ⛚ ⛚ ⛚ ⛚ ⛚ 
⛚ ⛚ ⛚ ⛚ ⛚ ⛚ ⛊ ⛊ ⛚ ⛚ ⛚ ⛚ ⛚ ⛚ 
⛚ ⛚ ⛚ ⛚ ⛚ ⛚ ⛚ ⛊ ⛊ ⛚ ⛚ ⛚ ⛚ ⛚ 
⛚ ⛚ ⛚ ⛚ ⛚ ⛚ ⛚ ⛚ ⛚ ⛛ ⛚ ⛚ ⛚ ⛚ 
⛚ ⛚ ⛚ ⛚ ⛚ ⛚ ⛚ ⛚ ⛛ ⛛ ⛛ ⛚ ⛚ ⛚ 
⛚ ⛚ ⛚ ⛚ ⛚ ⛚ ⛚ ⛚ ⛚ ⛛ ⛚ ⛚ ⛚ ⛚ 
⛚ ⛚ ⛚ ⛚ ⛚ ⛚ ⛚ ⛚ ⛚ ⛚ ⛚ ⛚ ⛚ ⛚ 
⛚ ⛚ ⛚ ⛚ ⛚ ⛚ ⛚ ⛚ ⛚ ⛚ ⛚ ⛚ ⛚ ⛚ 
player 1: 16 0 1 7 5
⛚ ⛚ ⛚ ⛚ ⛚ ⛚ ⛚ ⛚ ⛚ ⛚ ⛚ ⛚ ⛚ ⛚ 
⛚ ⛚ ⛚ ⛚ ⛚ ⛚ ⛚ ⛚ ⛚ ⛚ ⛚ ⛚ ⛚ ⛚ 
⛚ ⛚ ⛚ ⛚ ⛚ ⛚ ⛚ ⛚ ⛚ ⛚ ⛚ ⛚ ⛚ ⛚ 
⛚ ⛚ ⛚ ⛚ ⛚ ⛚ ⛚ ⛚ ⛚ ⛚ ⛚ ⛚ ⛚ ⛚ 
⛚ ⛚ ⛚ ⛚ ⛊ ⛚ ⛚ ⛚ ⛚ ⛚ ⛚ ⛚ ⛚ ⛚ 
⛚ ⛚ ⛚ ⛊ ⛊ ⛊ ⛚ ⛚ ⛚ ⛚ ⛚ ⛚ ⛚ ⛚ 
⛚ ⛚ ⛚ ⛚ ⛊ ⛚ ⛊ ⛚ ⛚ ⛚ ⛚ ⛚ ⛚ ⛚ 
⛚ ⛚ ⛚ ⛚ ⛚ ⛛ ⛊ ⛊ ⛚ ⛚ ⛚ ⛚ ⛚ ⛚ 
⛚ ⛚ ⛚ ⛚ ⛚ ⛛ ⛛ ⛊ ⛊ ⛚ ⛚ ⛚ ⛚ ⛚ 
⛚ ⛚ ⛚ ⛚ ⛚ ⛚ ⛛ ⛛ ⛚ ⛛ ⛚ ⛚ ⛚ ⛚ 
⛚ ⛚ ⛚ ⛚ ⛚ ⛚ ⛚ ⛚ ⛛ ⛛ ⛛ ⛚ ⛚ ⛚ 
⛚ ⛚ ⛚ ⛚ ⛚ ⛚ ⛚ ⛚ ⛚ ⛛ ⛚ ⛚ ⛚ ⛚ 
⛚ ⛚ ⛚ ⛚ ⛚ ⛚ ⛚ ⛚ ⛚ ⛚ ⛚ ⛚ ⛚ ⛚ 
⛚ ⛚ ⛚ ⛚ ⛚ ⛚ ⛚ ⛚ ⛚ ⛚ ⛚ ⛚ ⛚ ⛚ 
player 0: 14 3 0 6 9
⛚ ⛚ ⛚ ⛚ ⛚ ⛚ ⛚ ⛚ ⛚ ⛚ ⛚ ⛚ ⛚ ⛚ 
⛚ ⛚ ⛚ ⛚ ⛚ ⛚ ⛚ ⛚ ⛚ ⛚ ⛚ ⛚ ⛚ ⛚ 
⛚ ⛚ ⛚ ⛚ ⛚ ⛚ ⛚ ⛚ ⛚ ⛚ ⛚ ⛚ ⛚ ⛚ 
⛚ ⛚ ⛚ ⛚ ⛚ ⛚ ⛚ ⛚ ⛚ ⛚ ⛚ ⛚ ⛚ ⛚ 
⛚ ⛚ ⛚ ⛚ ⛊ ⛚ ⛚ ⛚ ⛚ ⛚ ⛚ ⛚ ⛚ ⛚ 
⛚ ⛚ ⛚ ⛊ ⛊ ⛊ ⛚ ⛚ ⛚ ⛚ ⛚ ⛚ ⛚ ⛚ 
⛚ ⛚ ⛚ ⛚ ⛊ ⛚ ⛊ ⛚ ⛚ ⛚ ⛊ ⛚ ⛚ ⛚ 
⛚ ⛚ ⛚ ⛚ ⛚ ⛛ ⛊ ⛊ ⛚ ⛊ ⛊ ⛚ ⛚ ⛚ 
⛚ ⛚ ⛚ ⛚ ⛚ ⛛ ⛛ ⛊ ⛊ ⛚ ⛊ ⛊ ⛚ ⛚ 
⛚ ⛚ ⛚ ⛚ ⛚ ⛚ ⛛ ⛛ ⛚ ⛛ ⛚ ⛚ ⛚ ⛚ 
⛚ ⛚ ⛚ ⛚ ⛚ ⛚ ⛚ ⛚ ⛛ ⛛ ⛛ ⛚ ⛚ ⛚ 
⛚ ⛚ ⛚ ⛚ ⛚ ⛚ ⛚ ⛚ ⛚ ⛛ ⛚ ⛚ ⛚ ⛚ 
⛚ ⛚ ⛚ ⛚ ⛚ ⛚ ⛚ ⛚ ⛚ ⛚ ⛚ ⛚ ⛚ ⛚ 
⛚ ⛚ ⛚ ⛚ ⛚ ⛚ ⛚ ⛚ ⛚ ⛚ ⛚ ⛚ ⛚ ⛚ 
player 1: 11 1 0 7 11
⛚ ⛚ ⛚ ⛚ ⛚ ⛚ ⛚ ⛚ ⛚ ⛚ ⛚ ⛚ ⛚ ⛚ 
⛚ ⛚ ⛚ ⛚ ⛚ ⛚ ⛚ ⛚ ⛚ ⛚ ⛚ ⛚ ⛚ ⛚ 
⛚ ⛚ ⛚ ⛚ ⛚ ⛚ ⛚ ⛚ ⛚ ⛚ ⛚ ⛚ ⛚ ⛚ 
⛚ ⛚ ⛚ ⛚ ⛚ ⛚ ⛚ ⛚ ⛚ ⛚ ⛚ ⛚ ⛚ ⛚ 
⛚ ⛚ ⛚ ⛚ ⛊ ⛚ ⛚ ⛚ ⛚ ⛚ ⛚ ⛚ ⛚ ⛚ 
⛚ ⛚ ⛚ ⛊ ⛊ ⛊ ⛚ ⛚ ⛚ ⛚ ⛚ ⛚ ⛚ ⛚ 
⛚ ⛚ ⛚ ⛚ ⛊ ⛚ ⛊ ⛚ ⛚ ⛚ ⛊ ⛚ ⛚ ⛚ 
⛚ ⛚ ⛚ ⛚ ⛚ ⛛ ⛊ ⛊ ⛚ ⛊ ⛊ ⛚ ⛛ ⛚ 
⛚ ⛚ ⛚ ⛚ ⛚ ⛛ ⛛ ⛊ ⛊ ⛚ ⛊ ⛊ ⛛ ⛚ 
⛚ ⛚ ⛚ ⛚ ⛚ ⛚ ⛛ ⛛ ⛚ ⛛ ⛚ ⛛ ⛛ ⛚ 
⛚ ⛚ ⛚ ⛚ ⛚ ⛚ ⛚ ⛚ ⛛ ⛛ ⛛ ⛚ ⛛ ⛚ 
⛚ ⛚ ⛚ ⛚ ⛚ ⛚ ⛚ ⛚ ⛚ ⛛ ⛚ ⛚ ⛚ ⛚ 
⛚ ⛚ ⛚ ⛚ ⛚ ⛚ ⛚ ⛚ ⛚ ⛚ ⛚ ⛚ ⛚ ⛚ 
⛚ ⛚ ⛚ ⛚ ⛚ ⛚ ⛚ ⛚ ⛚ ⛚ ⛚ ⛚ ⛚ ⛚ 
player 0: 11 3 0 2 11
⛚ ⛚ ⛚ ⛚ ⛚ ⛚ ⛚ ⛚ ⛚ ⛚ ⛚ ⛚ ⛚ ⛚ 
⛚ ⛚ ⛚ ⛚ ⛚ ⛚ ⛚ ⛚ ⛚ ⛚ ⛚ ⛚ ⛚ ⛚ 
⛚ ⛚ ⛚ ⛚ ⛚ ⛚ ⛚ ⛚ ⛚ ⛚ ⛚ ⛊ ⛚ ⛚ 
⛚ ⛚ ⛚ ⛚ ⛚ ⛚ ⛚ ⛚ ⛚ ⛚ ⛚ ⛊ ⛊ ⛚ 
⛚ ⛚ ⛚ ⛚ ⛊ ⛚ ⛚ ⛚ ⛚ ⛚ ⛚ ⛊ ⛚ ⛚ 
⛚ ⛚ ⛚ ⛊ ⛊ ⛊ ⛚ ⛚ ⛚ ⛚ ⛚ ⛊ ⛚ ⛚ 
⛚ ⛚ ⛚ ⛚ ⛊ ⛚ ⛊ ⛚ ⛚ ⛚ ⛊ ⛚ ⛚ ⛚ 
⛚ ⛚ ⛚ ⛚ ⛚ ⛛ ⛊ ⛊ ⛚ ⛊ ⛊ ⛚ ⛛ ⛚ 
⛚ ⛚ ⛚ ⛚ ⛚ ⛛ ⛛ ⛊ ⛊ ⛚ ⛊ ⛊ ⛛ ⛚ 
⛚ ⛚ ⛚ ⛚ ⛚ ⛚ ⛛ ⛛ ⛚ ⛛ ⛚ ⛛ ⛛ ⛚ 
⛚ ⛚ ⛚ ⛚ ⛚ ⛚ ⛚ ⛚ ⛛ ⛛ ⛛ ⛚ ⛛ ⛚ 
⛚ ⛚ ⛚ ⛚ ⛚ ⛚ ⛚ ⛚ ⛚ ⛛ ⛚ ⛚ ⛚ ⛚ 
⛚ ⛚ ⛚ ⛚ ⛚ ⛚ ⛚ ⛚ ⛚ ⛚ ⛚ ⛚ ⛚ ⛚ 
⛚ ⛚ ⛚ ⛚ ⛚ ⛚ ⛚ ⛚ ⛚ ⛚ ⛚ ⛚ ⛚ ⛚ 
player 1: 12 3 0 7 2
⛚ ⛚ ⛚ ⛚ ⛚ ⛚ ⛚ ⛚ ⛚ ⛚ ⛚ ⛚ ⛚ ⛚ 
⛚ ⛚ ⛚ ⛚ ⛚ ⛚ ⛚ ⛚ ⛚ ⛚ ⛚ ⛚ ⛚ ⛚ 
⛚ ⛚ ⛚ ⛚ ⛚ ⛚ ⛚ ⛚ ⛚ ⛚ ⛚ ⛊ ⛚ ⛚ 
⛚ ⛚ ⛚ ⛚ ⛚ ⛚ ⛚ ⛚ ⛚ ⛚ ⛚ ⛊ ⛊ ⛚ 
⛚ ⛚ ⛚ ⛚ ⛊ ⛚ ⛚ ⛚ ⛚ ⛚ ⛚ ⛊ ⛚ ⛚ 
⛚ ⛚ ⛚ ⛊ ⛊ ⛊ ⛚ ⛚ ⛚ ⛚ ⛚ ⛊ ⛚ ⛚ 
⛚ ⛚ ⛚ ⛚ ⛊ ⛚ ⛊ ⛚ ⛚ ⛚ ⛊ ⛚ ⛚ ⛚ 
⛚ ⛚ ⛚ ⛛ ⛚ ⛛ ⛊ ⛊ ⛚ ⛊ ⛊ ⛚ ⛛ ⛚ 
⛚ ⛚ ⛚ ⛛ ⛚ ⛛ ⛛ ⛊ ⛊ ⛚ ⛊ ⛊ ⛛ ⛚ 
⛚ ⛚ ⛛ ⛛ ⛛ ⛚ ⛛ ⛛ ⛚ ⛛ ⛚ ⛛ ⛛ ⛚ 
⛚ ⛚ ⛚ ⛚ ⛚ ⛚ ⛚ ⛚ ⛛ ⛛ ⛛ ⛚ ⛛ ⛚ 
⛚ ⛚ ⛚ ⛚ ⛚ ⛚ ⛚ ⛚ ⛚ ⛛ ⛚ ⛚ ⛚ ⛚ 
⛚ ⛚ ⛚ ⛚ ⛚ ⛚ ⛚ ⛚ ⛚ ⛚ ⛚ ⛚ ⛚ ⛚ 
⛚ ⛚ ⛚ ⛚ ⛚ ⛚ ⛚ ⛚ ⛚ ⛚ ⛚ ⛚ ⛚ ⛚ 
player 0: 17 0 0 6 1
⛚ ⛚ ⛚ ⛚ ⛚ ⛚ ⛚ ⛚ ⛚ ⛚ ⛚ ⛚ ⛚ ⛚ 
⛚ ⛚ ⛚ ⛚ ⛚ ⛚ ⛚ ⛚ ⛚ ⛚ ⛚ ⛚ ⛚ ⛚ 
⛚ ⛚ ⛚ ⛚ ⛚ ⛚ ⛚ ⛚ ⛚ ⛚ ⛚ ⛊ ⛚ ⛚ 
⛚ ⛚ ⛚ ⛚ ⛚ ⛚ ⛚ ⛚ ⛚ ⛚ ⛚ ⛊ ⛊ ⛚ 
⛚ ⛚ ⛚ ⛚ ⛊ ⛚ ⛚ ⛚ ⛚ ⛚ ⛚ ⛊ ⛚ ⛚ 
⛚ ⛚ ⛚ ⛊ ⛊ ⛊ ⛚ ⛚ ⛚ ⛚ ⛚ ⛊ ⛚ ⛚ 
⛚ ⛚ ⛊ ⛚ ⛊ ⛚ ⛊ ⛚ ⛚ ⛚ ⛊ ⛚ ⛚ ⛚ 
⛚ ⛊ ⛊ ⛛ ⛚ ⛛ ⛊ ⛊ ⛚ ⛊ ⛊ ⛚ ⛛ ⛚ 
⛚ ⛊ ⛚ ⛛ ⛚ ⛛ ⛛ ⛊ ⛊ ⛚ ⛊ ⛊ ⛛ ⛚ 
⛚ ⛊ ⛛ ⛛ ⛛ ⛚ ⛛ ⛛ ⛚ ⛛ ⛚ ⛛ ⛛ ⛚ 
⛚ ⛚ ⛚ ⛚ ⛚ ⛚ ⛚ ⛚ ⛛ ⛛ ⛛ ⛚ ⛛ ⛚ 
⛚ ⛚ ⛚ ⛚ ⛚ ⛚ ⛚ ⛚ ⛚ ⛛ ⛚ ⛚ ⛚ ⛚ 
⛚ ⛚ ⛚ ⛚ ⛚ ⛚ ⛚ ⛚ ⛚ ⛚ ⛚ ⛚ ⛚ ⛚ 
⛚ ⛚ ⛚ ⛚ ⛚ ⛚ ⛚ ⛚ ⛚ ⛚ ⛚ ⛚ ⛚ ⛚ 
player 1: 14 0 1 10 1
⛚ ⛚ ⛚ ⛚ ⛚ ⛚ ⛚ ⛚ ⛚ ⛚ ⛚ ⛚ ⛚ ⛚ 
⛚ ⛚ ⛚ ⛚ ⛚ ⛚ ⛚ ⛚ ⛚ ⛚ ⛚ ⛚ ⛚ ⛚ 
⛚ ⛚ ⛚ ⛚ ⛚ ⛚ ⛚ ⛚ ⛚ ⛚ ⛚ ⛊ ⛚ ⛚ 
⛚ ⛚ ⛚ ⛚ ⛚ ⛚ ⛚ ⛚ ⛚ ⛚ ⛚ ⛊ ⛊ ⛚ 
⛚ ⛚ ⛚ ⛚ ⛊ ⛚ ⛚ ⛚ ⛚ ⛚ ⛚ ⛊ ⛚ ⛚ 
⛚ ⛚ ⛚ ⛊ ⛊ ⛊ ⛚ ⛚ ⛚ ⛚ ⛚ ⛊ ⛚ ⛚ 
⛚ ⛚ ⛊ ⛚ ⛊ ⛚ ⛊ ⛚ ⛚ ⛚ ⛊ ⛚ ⛚ ⛚ 
⛚ ⛊ ⛊ ⛛ ⛚ ⛛ ⛊ ⛊ ⛚ ⛊ ⛊ ⛚ ⛛ ⛚ 
⛚ ⛊ ⛚ ⛛ ⛚ ⛛ ⛛ ⛊ ⛊ ⛚ ⛊ ⛊ ⛛ ⛚ 
⛚ ⛊ ⛛ ⛛ ⛛ ⛚ ⛛ ⛛ ⛚ ⛛ ⛚ ⛛ ⛛ ⛚ 
⛚ ⛛ ⛚ ⛚ ⛚ ⛚ ⛚ ⛚ ⛛ ⛛ ⛛ ⛚ ⛛ ⛚ 
⛚ ⛛ ⛛ ⛛ ⛚ ⛚ ⛚ ⛚ ⛚ ⛛ ⛚ ⛚ ⛚ ⛚ 
⛚ ⛚ ⛛ ⛚ ⛚ ⛚ ⛚ ⛚ ⛚ ⛚ ⛚ ⛚ ⛚ ⛚ 
⛚ ⛚ ⛚ ⛚ ⛚ ⛚ ⛚ ⛚ ⛚ ⛚ ⛚ ⛚ ⛚ ⛚ 
player 0: 19 1 0 10 2
⛚ ⛚ ⛚ ⛚ ⛚ ⛚ ⛚ ⛚ ⛚ ⛚ ⛚ ⛚ ⛚ ⛚ 
⛚ ⛚ ⛚ ⛚ ⛚ ⛚ ⛚ ⛚ ⛚ ⛚ ⛚ ⛚ ⛚ ⛚ 
⛚ ⛚ ⛚ ⛚ ⛚ ⛚ ⛚ ⛚ ⛚ ⛚ ⛚ ⛊ ⛚ ⛚ 
⛚ ⛚ ⛚ ⛚ ⛚ ⛚ ⛚ ⛚ ⛚ ⛚ ⛚ ⛊ ⛊ ⛚ 
⛚ ⛚ ⛚ ⛚ ⛊ ⛚ ⛚ ⛚ ⛚ ⛚ ⛚ ⛊ ⛚ ⛚ 
⛚ ⛚ ⛚ ⛊ ⛊ ⛊ ⛚ ⛚ ⛚ ⛚ ⛚ ⛊ ⛚ ⛚ 
⛚ ⛚ ⛊ ⛚ ⛊ ⛚ ⛊ ⛚ ⛚ ⛚ ⛊ ⛚ ⛚ ⛚ 
⛚ ⛊ ⛊ ⛛ ⛚ ⛛ ⛊ ⛊ ⛚ ⛊ ⛊ ⛚ ⛛ ⛚ 
⛚ ⛊ ⛚ ⛛ ⛚ ⛛ ⛛ ⛊ ⛊ ⛚ ⛊ ⛊ ⛛ ⛚ 
⛚ ⛊ ⛛ ⛛ ⛛ ⛚ ⛛ ⛛ ⛚ ⛛ ⛚ ⛛ ⛛ ⛚ 
⛚ ⛛ ⛊ ⛊ ⛊ ⛊ ⛚ ⛚ ⛛ ⛛ ⛛ ⛚ ⛛ ⛚ 
⛚ ⛛ ⛛ ⛛ ⛚ ⛊ ⛚ ⛚ ⛚ ⛛ ⛚ ⛚ ⛚ ⛚ 
⛚ ⛚ ⛛ ⛚ ⛚ ⛚ ⛚ ⛚ ⛚ ⛚ ⛚ ⛚ ⛚ ⛚ 
⛚ ⛚ ⛚ ⛚ ⛚ ⛚ ⛚ ⛚ ⛚ ⛚ ⛚ ⛚ ⛚ ⛚ 
player 1: 18 0 1 11 6
⛚ ⛚ ⛚ ⛚ ⛚ ⛚ ⛚ ⛚ ⛚ ⛚ ⛚ ⛚ ⛚ ⛚ 
⛚ ⛚ ⛚ ⛚ ⛚ ⛚ ⛚ ⛚ ⛚ ⛚ ⛚ ⛚ ⛚ ⛚ 
⛚ ⛚ ⛚ ⛚ ⛚ ⛚ ⛚ ⛚ ⛚ ⛚ ⛚ ⛊ ⛚ ⛚ 
⛚ ⛚ ⛚ ⛚ ⛚ ⛚ ⛚ ⛚ ⛚ ⛚ ⛚ ⛊ ⛊ ⛚ 
⛚ ⛚ ⛚ ⛚ ⛊ ⛚ ⛚ ⛚ ⛚ ⛚ ⛚ ⛊ ⛚ ⛚ 
⛚ ⛚ ⛚ ⛊ ⛊ ⛊ ⛚ ⛚ ⛚ ⛚ ⛚ ⛊ ⛚ ⛚ 
⛚ ⛚ ⛊ ⛚ ⛊ ⛚ ⛊ ⛚ ⛚ ⛚ ⛊ ⛚ ⛚ ⛚ 
⛚ ⛊ ⛊ ⛛ ⛚ ⛛ ⛊ ⛊ ⛚ ⛊ ⛊ ⛚ ⛛ ⛚ 
⛚ ⛊ ⛚ ⛛ ⛚ ⛛ ⛛ ⛊ ⛊ ⛚ ⛊ ⛊ ⛛ ⛚ 
⛚ ⛊ ⛛ ⛛ ⛛ ⛚ ⛛ ⛛ ⛚ ⛛ ⛚ ⛛ ⛛ ⛚ 
⛚ ⛛ ⛊ ⛊ ⛊ ⛊ ⛚ ⛚ ⛛ ⛛ ⛛ ⛚ ⛛ ⛚ 
⛚ ⛛ ⛛ ⛛ ⛚ ⛊ ⛛ ⛚ ⛚ ⛛ ⛚ ⛚ ⛚ ⛚ 
⛚ ⛚ ⛛ ⛚ ⛚ ⛚ ⛛ ⛛ ⛛ ⛚ ⛚ ⛚ ⛚ ⛚ 
⛚ ⛚ ⛚ ⛚ ⛚ ⛚ ⛚ ⛚ ⛛ ⛚ ⛚ ⛚ ⛚ ⛚ 
player 0: 5 0 0 12 3
⛚ ⛚ ⛚ ⛚ ⛚ ⛚ ⛚ ⛚ ⛚ ⛚ ⛚ ⛚ ⛚ ⛚ 
⛚ ⛚ ⛚ ⛚ ⛚ ⛚ ⛚ ⛚ ⛚ ⛚ ⛚ ⛚ ⛚ ⛚ 
⛚ ⛚ ⛚ ⛚ ⛚ ⛚ ⛚ ⛚ ⛚ ⛚ ⛚ ⛊ ⛚ ⛚ 
⛚ ⛚ ⛚ ⛚ ⛚ ⛚ ⛚ ⛚ ⛚ ⛚ ⛚ ⛊ ⛊ ⛚ 
⛚ ⛚ ⛚ ⛚ ⛊ ⛚ ⛚ ⛚ ⛚ ⛚ ⛚ ⛊ ⛚ ⛚ 
⛚ ⛚ ⛚ ⛊ ⛊ ⛊ ⛚ ⛚ ⛚ ⛚ ⛚ ⛊ ⛚ ⛚ 
⛚ ⛚ ⛊ ⛚ ⛊ ⛚ ⛊ ⛚ ⛚ ⛚ ⛊ ⛚ ⛚ ⛚ 
⛚ ⛊ ⛊ ⛛ ⛚ ⛛ ⛊ ⛊ ⛚ ⛊ ⛊ ⛚ ⛛ ⛚ 
⛚ ⛊ ⛚ ⛛ ⛚ ⛛ ⛛ ⛊ ⛊ ⛚ ⛊ ⛊ ⛛ ⛚ 
⛚ ⛊ ⛛ ⛛ ⛛ ⛚ ⛛ ⛛ ⛚ ⛛ ⛚ ⛛ ⛛ ⛚ 
⛚ ⛛ ⛊ ⛊ ⛊ ⛊ ⛚ ⛚ ⛛ ⛛ ⛛ ⛚ ⛛ ⛚ 
⛚ ⛛ ⛛ ⛛ ⛚ ⛊ ⛛ ⛚ ⛚ ⛛ ⛚ ⛚ ⛚ ⛚ 
⛚ ⛚ ⛛ ⛊ ⛊ ⛚ ⛛ ⛛ ⛛ ⛚ ⛚ ⛚ ⛚ ⛚ 
⛚ ⛚ ⛚ ⛚ ⛊ ⛊ ⛚ ⛚ ⛛ ⛚ ⛚ ⛚ ⛚ ⛚ 
player 1: 13 0 0 2 13
⛚ ⛚ ⛚ ⛚ ⛚ ⛚ ⛚ ⛚ ⛚ ⛚ ⛚ ⛚ ⛚ ⛚ 
⛚ ⛚ ⛚ ⛚ ⛚ ⛚ ⛚ ⛚ ⛚ ⛚ ⛚ ⛚ ⛚ ⛚ 
⛚ ⛚ ⛚ ⛚ ⛚ ⛚ ⛚ ⛚ ⛚ ⛚ ⛚ ⛊ ⛚ ⛛ 
⛚ ⛚ ⛚ ⛚ ⛚ ⛚ ⛚ ⛚ ⛚ ⛚ ⛚ ⛊ ⛊ ⛛ 
⛚ ⛚ ⛚ ⛚ ⛊ ⛚ ⛚ ⛚ ⛚ ⛚ ⛚ ⛊ ⛚ ⛛ 
⛚ ⛚ ⛚ ⛊ ⛊ ⛊ ⛚ ⛚ ⛚ ⛚ ⛚ ⛊ ⛚ ⛛ 
⛚ ⛚ ⛊ ⛚ ⛊ ⛚ ⛊ ⛚ ⛚ ⛚ ⛊ ⛚ ⛚ ⛛ 
⛚ ⛊ ⛊ ⛛ ⛚ ⛛ ⛊ ⛊ ⛚ ⛊ ⛊ ⛚ ⛛ ⛚ 
⛚ ⛊ ⛚ ⛛ ⛚ ⛛ ⛛ ⛊ ⛊ ⛚ ⛊ ⛊ ⛛ ⛚ 
⛚ ⛊ ⛛ ⛛ ⛛ ⛚ ⛛ ⛛ ⛚ ⛛ ⛚ ⛛ ⛛ ⛚ 
⛚ ⛛ ⛊ ⛊ ⛊ ⛊ ⛚ ⛚ ⛛ ⛛ ⛛ ⛚ ⛛ ⛚ 
⛚ ⛛ ⛛ ⛛ ⛚ ⛊ ⛛ ⛚ ⛚ ⛛ ⛚ ⛚ ⛚ ⛚ 
⛚ ⛚ ⛛ ⛊ ⛊ ⛚ ⛛ ⛛ ⛛ ⛚ ⛚ ⛚ ⛚ ⛚ 
⛚ ⛚ ⛚ ⛚ ⛊ ⛊ ⛚ ⛚ ⛛ ⛚ ⛚ ⛚ ⛚ ⛚ 
player 0: 18 0 0 0 8
⛚ ⛚ ⛚ ⛚ ⛚ ⛚ ⛚ ⛚ ⛚ ⛚ ⛊ ⛚ ⛚ ⛚ 
⛚ ⛚ ⛚ ⛚ ⛚ ⛚ ⛚ ⛚ ⛊ ⛊ ⛊ ⛚ ⛚ ⛚ 
⛚ ⛚ ⛚ ⛚ ⛚ ⛚ ⛚ ⛚ ⛊ ⛚ ⛚ ⛊ ⛚ ⛛ 
⛚ ⛚ ⛚ ⛚ ⛚ ⛚ ⛚ ⛚ ⛚ ⛚ ⛚ ⛊ ⛊ ⛛ 
⛚ ⛚ ⛚ ⛚ ⛊ ⛚ ⛚ ⛚ ⛚ ⛚ ⛚ ⛊ ⛚ ⛛ 
⛚ ⛚ ⛚ ⛊ ⛊ ⛊ ⛚ ⛚ ⛚ ⛚ ⛚ ⛊ ⛚ ⛛ 
⛚ ⛚ ⛊ ⛚ ⛊ ⛚ ⛊ ⛚ ⛚ ⛚ ⛊ ⛚ ⛚ ⛛ 
⛚ ⛊ ⛊ ⛛ ⛚ ⛛ ⛊ ⛊ ⛚ ⛊ ⛊ ⛚ ⛛ ⛚ 
⛚ ⛊ ⛚ ⛛ ⛚ ⛛ ⛛ ⛊ ⛊ ⛚ ⛊ ⛊ ⛛ ⛚ 
⛚ ⛊ ⛛ ⛛ ⛛ ⛚ ⛛ ⛛ ⛚ ⛛ ⛚ ⛛ ⛛ ⛚ 
⛚ ⛛ ⛊ ⛊ ⛊ ⛊ ⛚ ⛚ ⛛ ⛛ ⛛ ⛚ ⛛ ⛚ 
⛚ ⛛ ⛛ ⛛ ⛚ ⛊ ⛛ ⛚ ⛚ ⛛ ⛚ ⛚ ⛚ ⛚ 
⛚ ⛚ ⛛ ⛊ ⛊ ⛚ ⛛ ⛛ ⛛ ⛚ ⛚ ⛚ ⛚ ⛚ 
⛚ ⛚ ⛚ ⛚ ⛊ ⛊ ⛚ ⛚ ⛛ ⛚ ⛚ ⛚ ⛚ ⛚ 
player 1: 10 0 0 0 11
⛚ ⛚ ⛚ ⛚ ⛚ ⛚ ⛚ ⛚ ⛚ ⛚ ⛊ ⛛ ⛛ ⛛ 
⛚ ⛚ ⛚ ⛚ ⛚ ⛚ ⛚ ⛚ ⛊ ⛊ ⛊ ⛛ ⛛ ⛚ 
⛚ ⛚ ⛚ ⛚ ⛚ ⛚ ⛚ ⛚ ⛊ ⛚ ⛚ ⛊ ⛚ ⛛ 
⛚ ⛚ ⛚ ⛚ ⛚ ⛚ ⛚ ⛚ ⛚ ⛚ ⛚ ⛊ ⛊ ⛛ 
⛚ ⛚ ⛚ ⛚ ⛊ ⛚ ⛚ ⛚ ⛚ ⛚ ⛚ ⛊ ⛚ ⛛ 
⛚ ⛚ ⛚ ⛊ ⛊ ⛊ ⛚ ⛚ ⛚ ⛚ ⛚ ⛊ ⛚ ⛛ 
⛚ ⛚ ⛊ ⛚ ⛊ ⛚ ⛊ ⛚ ⛚ ⛚ ⛊ ⛚ ⛚ ⛛ 
⛚ ⛊ ⛊ ⛛ ⛚ ⛛ ⛊ ⛊ ⛚ ⛊ ⛊ ⛚ ⛛ ⛚ 
⛚ ⛊ ⛚ ⛛ ⛚ ⛛ ⛛ ⛊ ⛊ ⛚ ⛊ ⛊ ⛛ ⛚ 
⛚ ⛊ ⛛ ⛛ ⛛ ⛚ ⛛ ⛛ ⛚ ⛛ ⛚ ⛛ ⛛ ⛚ 
⛚ ⛛ ⛊ ⛊ ⛊ ⛊ ⛚ ⛚ ⛛ ⛛ ⛛ ⛚ ⛛ ⛚ 
⛚ ⛛ ⛛ ⛛ ⛚ ⛊ ⛛ ⛚ ⛚ ⛛ ⛚ ⛚ ⛚ ⛚ 
⛚ ⛚ ⛛ ⛊ ⛊ ⛚ ⛛ ⛛ ⛛ ⛚ ⛚ ⛚ ⛚ ⛚ 
⛚ ⛚ ⛚ ⛚ ⛊ ⛊ ⛚ ⛚ ⛛ ⛚ ⛚ ⛚ ⛚ ⛚ 
player 0: 12 2 0 1 1
⛚ ⛚ ⛚ ⛚ ⛚ ⛚ ⛚ ⛚ ⛚ ⛚ ⛊ ⛛ ⛛ ⛛ 
⛚ ⛚ ⛚ ⛊ ⛚ ⛚ ⛚ ⛚ ⛊ ⛊ ⛊ ⛛ ⛛ ⛚ 
⛚ ⛊ ⛊ ⛊ ⛚ ⛚ ⛚ ⛚ ⛊ ⛚ ⛚ ⛊ ⛚ ⛛ 
⛚ ⛚ ⛚ ⛊ ⛚ ⛚ ⛚ ⛚ ⛚ ⛚ ⛚ ⛊ ⛊ ⛛ 
⛚ ⛚ ⛚ ⛚ ⛊ ⛚ ⛚ ⛚ ⛚ ⛚ ⛚ ⛊ ⛚ ⛛ 
⛚ ⛚ ⛚ ⛊ ⛊ ⛊ ⛚ ⛚ ⛚ ⛚ ⛚ ⛊ ⛚ ⛛ 
⛚ ⛚ ⛊ ⛚ ⛊ ⛚ ⛊ ⛚ ⛚ ⛚ ⛊ ⛚ ⛚ ⛛ 
⛚ ⛊ ⛊ ⛛ ⛚ ⛛ ⛊ ⛊ ⛚ ⛊ ⛊ ⛚ ⛛ ⛚ 
⛚ ⛊ ⛚ ⛛ ⛚ ⛛ ⛛ ⛊ ⛊ ⛚ ⛊ ⛊ ⛛ ⛚ 
⛚ ⛊ ⛛ ⛛ ⛛ ⛚ ⛛ ⛛ ⛚ ⛛ ⛚ ⛛ ⛛ ⛚ 
⛚ ⛛ ⛊ ⛊ ⛊ ⛊ ⛚ ⛚ ⛛ ⛛ ⛛ ⛚ ⛛ ⛚ 
⛚ ⛛ ⛛ ⛛ ⛚ ⛊ ⛛ ⛚ ⛚ ⛛ ⛚ ⛚ ⛚ ⛚ 
⛚ ⛚ ⛛ ⛊ ⛊ ⛚ ⛛ ⛛ ⛛ ⛚ ⛚ ⛚ ⛚ ⛚ 
⛚ ⛚ ⛚ ⛚ ⛊ ⛊ ⛚ ⛚ ⛛ ⛚ ⛚ ⛚ ⛚ ⛚ 
player 1: 17 3 1 2 7
⛚ ⛚ ⛚ ⛚ ⛚ ⛚ ⛚ ⛚ ⛚ ⛚ ⛊ ⛛ ⛛ ⛛ 
⛚ ⛚ ⛚ ⛊ ⛚ ⛚ ⛚ ⛚ ⛊ ⛊ ⛊ ⛛ ⛛ ⛚ 
⛚ ⛊ ⛊ ⛊ ⛚ ⛚ ⛚ ⛚ ⛊ ⛛ ⛛ ⛊ ⛚ ⛛ 
⛚ ⛚ ⛚ ⛊ ⛚ ⛚ ⛚ ⛛ ⛛ ⛛ ⛚ ⛊ ⛊ ⛛ 
⛚ ⛚ ⛚ ⛚ ⛊ ⛚ ⛚ ⛚ ⛚ ⛚ ⛚ ⛊ ⛚ ⛛ 
⛚ ⛚ ⛚ ⛊ ⛊ ⛊ ⛚ ⛚ ⛚ ⛚ ⛚ ⛊ ⛚ ⛛ 
⛚ ⛚ ⛊ ⛚ ⛊ ⛚ ⛊ ⛚ ⛚ ⛚ ⛊ ⛚ ⛚ ⛛ 
⛚ ⛊ ⛊ ⛛ ⛚ ⛛ ⛊ ⛊ ⛚ ⛊ ⛊ ⛚ ⛛ ⛚ 
⛚ ⛊ ⛚ ⛛ ⛚ ⛛ ⛛ ⛊ ⛊ ⛚ ⛊ ⛊ ⛛ ⛚ 
⛚ ⛊ ⛛ ⛛ ⛛ ⛚ ⛛ ⛛ ⛚ ⛛ ⛚ ⛛ ⛛ ⛚ 
⛚ ⛛ ⛊ ⛊ ⛊ ⛊ ⛚ ⛚ ⛛ ⛛ ⛛ ⛚ ⛛ ⛚ 
⛚ ⛛ ⛛ ⛛ ⛚ ⛊ ⛛ ⛚ ⛚ ⛛ ⛚ ⛚ ⛚ ⛚ 
⛚ ⛚ ⛛ ⛊ ⛊ ⛚ ⛛ ⛛ ⛛ ⛚ ⛚ ⛚ ⛚ ⛚ 
⛚ ⛚ ⛚ ⛚ ⛊ ⛊ ⛚ ⛚ ⛛ ⛚ ⛚ ⛚ ⛚ ⛚ 
player 0: 10 1 1 1 5
⛚ ⛚ ⛚ ⛚ ⛚ ⛚ ⛚ ⛚ ⛚ ⛚ ⛊ ⛛ ⛛ ⛛ 
⛚ ⛚ ⛚ ⛊ ⛚ ⛊ ⛊ ⛚ ⛊ ⛊ ⛊ ⛛ ⛛ ⛚ 
⛚ ⛊ ⛊ ⛊ ⛚ ⛊ ⛊ ⛚ ⛊ ⛛ ⛛ ⛊ ⛚ ⛛ 
⛚ ⛚ ⛚ ⛊ ⛚ ⛊ ⛚ ⛛ ⛛ ⛛ ⛚ ⛊ ⛊ ⛛ 
⛚ ⛚ ⛚ ⛚ ⛊ ⛚ ⛚ ⛚ ⛚ ⛚ ⛚ ⛊ ⛚ ⛛ 
⛚ ⛚ ⛚ ⛊ ⛊ ⛊ ⛚ ⛚ ⛚ ⛚ ⛚ ⛊ ⛚ ⛛ 
⛚ ⛚ ⛊ ⛚ ⛊ ⛚ ⛊ ⛚ ⛚ ⛚ ⛊ ⛚ ⛚ ⛛ 
⛚ ⛊ ⛊ ⛛ ⛚ ⛛ ⛊ ⛊ ⛚ ⛊ ⛊ ⛚ ⛛ ⛚ 
⛚ ⛊ ⛚ ⛛ ⛚ ⛛ ⛛ ⛊ ⛊ ⛚ ⛊ ⛊ ⛛ ⛚ 
⛚ ⛊ ⛛ ⛛ ⛛ ⛚ ⛛ ⛛ ⛚ ⛛ ⛚ ⛛ ⛛ ⛚ 
⛚ ⛛ ⛊ ⛊ ⛊ ⛊ ⛚ ⛚ ⛛ ⛛ ⛛ ⛚ ⛛ ⛚ 
⛚ ⛛ ⛛ ⛛ ⛚ ⛊ ⛛ ⛚ ⛚ ⛛ ⛚ ⛚ ⛚ ⛚ 
⛚ ⛚ ⛛ ⛊ ⛊ ⛚ ⛛ ⛛ ⛛ ⛚ ⛚ ⛚ ⛚ ⛚ 
⛚ ⛚ ⛚ ⛚ ⛊ ⛊ ⛚ ⛚ ⛛ ⛚ ⛚ ⛚ ⛚ ⛚ 
player 1: 19 3 0 4 6
⛚ ⛚ ⛚ ⛚ ⛚ ⛚ ⛚ ⛚ ⛚ ⛚ ⛊ ⛛ ⛛ ⛛ 
⛚ ⛚ ⛚ ⛊ ⛚ ⛊ ⛊ ⛚ ⛊ ⛊ ⛊ ⛛ ⛛ ⛚ 
⛚ ⛊ ⛊ ⛊ ⛚ ⛊ ⛊ ⛚ ⛊ ⛛ ⛛ ⛊ ⛚ ⛛ 
⛚ ⛚ ⛚ ⛊ ⛚ ⛊ ⛚ ⛛ ⛛ ⛛ ⛚ ⛊ ⛊ ⛛ 
⛚ ⛚ ⛚ ⛚ ⛊ ⛚ ⛛ ⛚ ⛚ ⛚ ⛚ ⛊ ⛚ ⛛ 
⛚ ⛚ ⛚ ⛊ ⛊ ⛊ ⛛ ⛛ ⛛ ⛛ ⛚ ⛊ ⛚ ⛛ 
⛚ ⛚ ⛊ ⛚ ⛊ ⛚ ⛊ ⛚ ⛚ ⛚ ⛊ ⛚ ⛚ ⛛ 
⛚ ⛊ ⛊ ⛛ ⛚ ⛛ ⛊ ⛊ ⛚ ⛊ ⛊ ⛚ ⛛ ⛚ 
⛚ ⛊ ⛚ ⛛ ⛚ ⛛ ⛛ ⛊ ⛊ ⛚ ⛊ ⛊ ⛛ ⛚ 
⛚ ⛊ ⛛ ⛛ ⛛ ⛚ ⛛ ⛛ ⛚ ⛛ ⛚ ⛛ ⛛ ⛚ 
⛚ ⛛ ⛊ ⛊ ⛊ ⛊ ⛚ ⛚ ⛛ ⛛ ⛛ ⛚ ⛛ ⛚ 
⛚ ⛛ ⛛ ⛛ ⛚ ⛊ ⛛ ⛚ ⛚ ⛛ ⛚ ⛚ ⛚ ⛚ 
⛚ ⛚ ⛛ ⛊ ⛊ ⛚ ⛛ ⛛ ⛛ ⛚ ⛚ ⛚ ⛚ ⛚ 
⛚ ⛚ ⛚ ⛚ ⛊ ⛊ ⛚ ⛚ ⛛ ⛚ ⛚ ⛚ ⛚ ⛚ 
player 0: 20 3 0 11 0
⛚ ⛚ ⛚ ⛚ ⛚ ⛚ ⛚ ⛚ ⛚ ⛚ ⛊ ⛛ ⛛ ⛛ 
⛚ ⛚ ⛚ ⛊ ⛚ ⛊ ⛊ ⛚ ⛊ ⛊ ⛊ ⛛ ⛛ ⛚ 
⛚ ⛊ ⛊ ⛊ ⛚ ⛊ ⛊ ⛚ ⛊ ⛛ ⛛ ⛊ ⛚ ⛛ 
⛚ ⛚ ⛚ ⛊ ⛚ ⛊ ⛚ ⛛ ⛛ ⛛ ⛚ ⛊ ⛊ ⛛ 
⛚ ⛚ ⛚ ⛚ ⛊ ⛚ ⛛ ⛚ ⛚ ⛚ ⛚ ⛊ ⛚ ⛛ 
⛚ ⛚ ⛚ ⛊ ⛊ ⛊ ⛛ ⛛ ⛛ ⛛ ⛚ ⛊ ⛚ ⛛ 
⛚ ⛚ ⛊ ⛚ ⛊ ⛚ ⛊ ⛚ ⛚ ⛚ ⛊ ⛚ ⛚ ⛛ 
⛚ ⛊ ⛊ ⛛ ⛚ ⛛ ⛊ ⛊ ⛚ ⛊ ⛊ ⛚ ⛛ ⛚ 
⛚ ⛊ ⛚ ⛛ ⛚ ⛛ ⛛ ⛊ ⛊ ⛚ ⛊ ⛊ ⛛ ⛚ 
⛚ ⛊ ⛛ ⛛ ⛛ ⛚ ⛛ ⛛ ⛚ ⛛ ⛚ ⛛ ⛛ ⛚ 
⛚ ⛛ ⛊ ⛊ ⛊ ⛊ ⛚ ⛚ ⛛ ⛛ ⛛ ⛚ ⛛ ⛚ 
⛊ ⛛ ⛛ ⛛ ⛚ ⛊ ⛛ ⛚ ⛚ ⛛ ⛚ ⛚ ⛚ ⛚ 
⛊ ⛚ ⛛ ⛊ ⛊ ⛚ ⛛ ⛛ ⛛ ⛚ ⛚ ⛚ ⛚ ⛚ 
⛊ ⛊ ⛊ ⛚ ⛊ ⛊ ⛚ ⛚ ⛛ ⛚ ⛚ ⛚ ⛚ ⛚ 
player 1: 9 3 1 12 10
⛚ ⛚ ⛚ ⛚ ⛚ ⛚ ⛚ ⛚ ⛚ ⛚ ⛊ ⛛ ⛛ ⛛ 
⛚ ⛚ ⛚ ⛊ ⛚ ⛊ ⛊ ⛚ ⛊ ⛊ ⛊ ⛛ ⛛ ⛚ 
⛚ ⛊ ⛊ ⛊ ⛚ ⛊ ⛊ ⛚ ⛊ ⛛ ⛛ ⛊ ⛚ ⛛ 
⛚ ⛚ ⛚ ⛊ ⛚ ⛊ ⛚ ⛛ ⛛ ⛛ ⛚ ⛊ ⛊ ⛛ 
⛚ ⛚ ⛚ ⛚ ⛊ ⛚ ⛛ ⛚ ⛚ ⛚ ⛚ ⛊ ⛚ ⛛ 
⛚ ⛚ ⛚ ⛊ ⛊ ⛊ ⛛ ⛛ ⛛ ⛛ ⛚ ⛊ ⛚ ⛛ 
⛚ ⛚ ⛊ ⛚ ⛊ ⛚ ⛊ ⛚ ⛚ ⛚ ⛊ ⛚ ⛚ ⛛ 
⛚ ⛊ ⛊ ⛛ ⛚ ⛛ ⛊ ⛊ ⛚ ⛊ ⛊ ⛚ ⛛ ⛚ 
⛚ ⛊ ⛚ ⛛ ⛚ ⛛ ⛛ ⛊ ⛊ ⛚ ⛊ ⛊ ⛛ ⛚ 
⛚ ⛊ ⛛ ⛛ ⛛ ⛚ ⛛ ⛛ ⛚ ⛛ ⛚ ⛛ ⛛ ⛚ 
⛚ ⛛ ⛊ ⛊ ⛊ ⛊ ⛚ ⛚ ⛛ ⛛ ⛛ ⛚ ⛛ ⛚ 
⛊ ⛛ ⛛ ⛛ ⛚ ⛊ ⛛ ⛚ ⛚ ⛛ ⛚ ⛚ ⛚ ⛚ 
⛊ ⛚ ⛛ ⛊ ⛊ ⛚ ⛛ ⛛ ⛛ ⛚ ⛛ ⛚ ⛛ ⛚ 
⛊ ⛊ ⛊ ⛚ ⛊ ⛊ ⛚ ⛚ ⛛ ⛚ ⛛ ⛛ ⛛ ⛚ 
player 0: 8 0 0 0 0
⛊ ⛊ ⛊ ⛚ ⛚ ⛚ ⛚ ⛚ ⛚ ⛚ ⛊ ⛛ ⛛ ⛛ 
⛊ ⛚ ⛚ ⛊ ⛚ ⛊ ⛊ ⛚ ⛊ ⛊ ⛊ ⛛ ⛛ ⛚ 
⛚ ⛊ ⛊ ⛊ ⛚ ⛊ ⛊ ⛚ ⛊ ⛛ ⛛ ⛊ ⛚ ⛛ 
⛚ ⛚ ⛚ ⛊ ⛚ ⛊ ⛚ ⛛ ⛛ ⛛ ⛚ ⛊ ⛊ ⛛ 
⛚ ⛚ ⛚ ⛚ ⛊ ⛚ ⛛ ⛚ ⛚ ⛚ ⛚ ⛊ ⛚ ⛛ 
⛚ ⛚ ⛚ ⛊ ⛊ ⛊ ⛛ ⛛ ⛛ ⛛ ⛚ ⛊ ⛚ ⛛ 
⛚ ⛚ ⛊ ⛚ ⛊ ⛚ ⛊ ⛚ ⛚ ⛚ ⛊ ⛚ ⛚ ⛛ 
⛚ ⛊ ⛊ ⛛ ⛚ ⛛ ⛊ ⛊ ⛚ ⛊ ⛊ ⛚ ⛛ ⛚ 
⛚ ⛊ ⛚ ⛛ ⛚ ⛛ ⛛ ⛊ ⛊ ⛚ ⛊ ⛊ ⛛ ⛚ 
⛚ ⛊ ⛛ ⛛ ⛛ ⛚ ⛛ ⛛ ⛚ ⛛ ⛚ ⛛ ⛛ ⛚ 
⛚ ⛛ ⛊ ⛊ ⛊ ⛊ ⛚ ⛚ ⛛ ⛛ ⛛ ⛚ ⛛ ⛚ 
⛊ ⛛ ⛛ ⛛ ⛚ ⛊ ⛛ ⛚ ⛚ ⛛ ⛚ ⛚ ⛚ ⛚ 
⛊ ⛚ ⛛ ⛊ ⛊ ⛚ ⛛ ⛛ ⛛ ⛚ ⛛ ⛚ ⛛ ⛚ 
⛊ ⛊ ⛊ ⛚ ⛊ ⛊ ⛚ ⛚ ⛛ ⛚ ⛛ ⛛ ⛛ ⛚ 
player 1: 7 0 0 6 0
⛊ ⛊ ⛊ ⛚ ⛚ ⛚ ⛚ ⛚ ⛚ ⛚ ⛊ ⛛ ⛛ ⛛ 
⛊ ⛚ ⛚ ⛊ ⛚ ⛊ ⛊ ⛚ ⛊ ⛊ ⛊ ⛛ ⛛ ⛚ 
⛚ ⛊ ⛊ ⛊ ⛚ ⛊ ⛊ ⛚ ⛊ ⛛ ⛛ ⛊ ⛚ ⛛ 
⛚ ⛚ ⛚ ⛊ ⛚ ⛊ ⛚ ⛛ ⛛ ⛛ ⛚ ⛊ ⛊ ⛛ 
⛚ ⛚ ⛚ ⛚ ⛊ ⛚ ⛛ ⛚ ⛚ ⛚ ⛚ ⛊ ⛚ ⛛ 
⛚ ⛚ ⛚ ⛊ ⛊ ⛊ ⛛ ⛛ ⛛ ⛛ ⛚ ⛊ ⛚ ⛛ 
⛛ ⛚ ⛊ ⛚ ⛊ ⛚ ⛊ ⛚ ⛚ ⛚ ⛊ ⛚ ⛚ ⛛ 
⛛ ⛊ ⛊ ⛛ ⛚ ⛛ ⛊ ⛊ ⛚ ⛊ ⛊ ⛚ ⛛ ⛚ 
⛛ ⛊ ⛚ ⛛ ⛚ ⛛ ⛛ ⛊ ⛊ ⛚ ⛊ ⛊ ⛛ ⛚ 
⛛ ⛊ ⛛ ⛛ ⛛ ⛚ ⛛ ⛛ ⛚ ⛛ ⛚ ⛛ ⛛ ⛚ 
⛚ ⛛ ⛊ ⛊ ⛊ ⛊ ⛚ ⛚ ⛛ ⛛ ⛛ ⛚ ⛛ ⛚ 
⛊ ⛛ ⛛ ⛛ ⛚ ⛊ ⛛ ⛚ ⛚ ⛛ ⛚ ⛚ ⛚ ⛚ 
⛊ ⛚ ⛛ ⛊ ⛊ ⛚ ⛛ ⛛ ⛛ ⛚ ⛛ ⛚ ⛛ ⛚ 
⛊ ⛊ ⛊ ⛚ ⛊ ⛊ ⛚ ⛚ ⛛ ⛚ ⛛ ⛛ ⛛ ⛚ 
player 0: 6 1 1 4 0
⛊ ⛊ ⛊ ⛚ ⛚ ⛚ ⛚ ⛚ ⛚ ⛚ ⛊ ⛛ ⛛ ⛛ 
⛊ ⛚ ⛚ ⛊ ⛚ ⛊ ⛊ ⛚ ⛊ ⛊ ⛊ ⛛ ⛛ ⛚ 
⛚ ⛊ ⛊ ⛊ ⛚ ⛊ ⛊ ⛚ ⛊ ⛛ ⛛ ⛊ ⛚ ⛛ 
⛚ ⛚ ⛚ ⛊ ⛚ ⛊ ⛚ ⛛ ⛛ ⛛ ⛚ ⛊ ⛊ ⛛ 
⛊ ⛊ ⛊ ⛚ ⛊ ⛚ ⛛ ⛚ ⛚ ⛚ ⛚ ⛊ ⛚ ⛛ 
⛚ ⛊ ⛚ ⛊ ⛊ ⛊ ⛛ ⛛ ⛛ ⛛ ⛚ ⛊ ⛚ ⛛ 
⛛ ⛚ ⛊ ⛚ ⛊ ⛚ ⛊ ⛚ ⛚ ⛚ ⛊ ⛚ ⛚ ⛛ 
⛛ ⛊ ⛊ ⛛ ⛚ ⛛ ⛊ ⛊ ⛚ ⛊ ⛊ ⛚ ⛛ ⛚ 
⛛ ⛊ ⛚ ⛛ ⛚ ⛛ ⛛ ⛊ ⛊ ⛚ ⛊ ⛊ ⛛ ⛚ 
⛛ ⛊ ⛛ ⛛ ⛛ ⛚ ⛛ ⛛ ⛚ ⛛ ⛚ ⛛ ⛛ ⛚ 
⛚ ⛛ ⛊ ⛊ ⛊ ⛊ ⛚ ⛚ ⛛ ⛛ ⛛ ⛚ ⛛ ⛚ 
⛊ ⛛ ⛛ ⛛ ⛚ ⛊ ⛛ ⛚ ⛚ ⛛ ⛚ ⛚ ⛚ ⛚ 
⛊ ⛚ ⛛ ⛊ ⛊ ⛚ ⛛ ⛛ ⛛ ⛚ ⛛ ⛚ ⛛ ⛚ 
⛊ ⛊ ⛊ ⛚ ⛊ ⛊ ⛚ ⛚ ⛛ ⛚ ⛛ ⛛ ⛛ ⛚ 
player 1: 0 0 0 4 10
⛊ ⛊ ⛊ ⛚ ⛚ ⛚ ⛚ ⛚ ⛚ ⛚ ⛊ ⛛ ⛛ ⛛ 
⛊ ⛚ ⛚ ⛊ ⛚ ⛊ ⛊ ⛚ ⛊ ⛊ ⛊ ⛛ ⛛ ⛚ 
⛚ ⛊ ⛊ ⛊ ⛚ ⛊ ⛊ ⛚ ⛊ ⛛ ⛛ ⛊ ⛚ ⛛ 
⛚ ⛚ ⛚ ⛊ ⛚ ⛊ ⛚ ⛛ ⛛ ⛛ ⛚ ⛊ ⛊ ⛛ 
⛊ ⛊ ⛊ ⛚ ⛊ ⛚ ⛛ ⛚ ⛚ ⛚ ⛛ ⛊ ⛚ ⛛ 
⛚ ⛊ ⛚ ⛊ ⛊ ⛊ ⛛ ⛛ ⛛ ⛛ ⛚ ⛊ ⛚ ⛛ 
⛛ ⛚ ⛊ ⛚ ⛊ ⛚ ⛊ ⛚ ⛚ ⛚ ⛊ ⛚ ⛚ ⛛ 
⛛ ⛊ ⛊ ⛛ ⛚ ⛛ ⛊ ⛊ ⛚ ⛊ ⛊ ⛚ ⛛ ⛚ 
⛛ ⛊ ⛚ ⛛ ⛚ ⛛ ⛛ ⛊ ⛊ ⛚ ⛊ ⛊ ⛛ ⛚ 
⛛ ⛊ ⛛ ⛛ ⛛ ⛚ ⛛ ⛛ ⛚ ⛛ ⛚ ⛛ ⛛ ⛚ 
⛚ ⛛ ⛊ ⛊ ⛊ ⛊ ⛚ ⛚ ⛛ ⛛ ⛛ ⛚ ⛛ ⛚ 
⛊ ⛛ ⛛ ⛛ ⛚ ⛊ ⛛ ⛚ ⛚ ⛛ ⛚ ⛚ ⛚ ⛚ 
⛊ ⛚ ⛛ ⛊ ⛊ ⛚ ⛛ ⛛ ⛛ ⛚ ⛛ ⛚ ⛛ ⛚ 
⛊ ⛊ ⛊ ⛚ ⛊ ⛊ ⛚ ⛚ ⛛ ⛚ ⛛ ⛛ ⛛ ⛚ 
player 0: 0 0 0 0 4
⛊ ⛊ ⛊ ⛚ ⛊ ⛚ ⛚ ⛚ ⛚ ⛚ ⛊ ⛛ ⛛ ⛛ 
⛊ ⛚ ⛚ ⛊ ⛚ ⛊ ⛊ ⛚ ⛊ ⛊ ⛊ ⛛ ⛛ ⛚ 
⛚ ⛊ ⛊ ⛊ ⛚ ⛊ ⛊ ⛚ ⛊ ⛛ ⛛ ⛊ ⛚ ⛛ 
⛚ ⛚ ⛚ ⛊ ⛚ ⛊ ⛚ ⛛ ⛛ ⛛ ⛚ ⛊ ⛊ ⛛ 
⛊ ⛊ ⛊ ⛚ ⛊ ⛚ ⛛ ⛚ ⛚ ⛚ ⛛ ⛊ ⛚ ⛛ 
⛚ ⛊ ⛚ ⛊ ⛊ ⛊ ⛛ ⛛ ⛛ ⛛ ⛚ ⛊ ⛚ ⛛ 
⛛ ⛚ ⛊ ⛚ ⛊ ⛚ ⛊ ⛚ ⛚ ⛚ ⛊ ⛚ ⛚ ⛛ 
⛛ ⛊ ⛊ ⛛ ⛚ ⛛ ⛊ ⛊ ⛚ ⛊ ⛊ ⛚ ⛛ ⛚ 
⛛ ⛊ ⛚ ⛛ ⛚ ⛛ ⛛ ⛊ ⛊ ⛚ ⛊ ⛊ ⛛ ⛚ 
⛛ ⛊ ⛛ ⛛ ⛛ ⛚ ⛛ ⛛ ⛚ ⛛ ⛚ ⛛ ⛛ ⛚ 
⛚ ⛛ ⛊ ⛊ ⛊ ⛊ ⛚ ⛚ ⛛ ⛛ ⛛ ⛚ ⛛ ⛚ 
⛊ ⛛ ⛛ ⛛ ⛚ ⛊ ⛛ ⛚ ⛚ ⛛ ⛚ ⛚ ⛚ ⛚ 
⛊ ⛚ ⛛ ⛊ ⛊ ⛚ ⛛ ⛛ ⛛ ⛚ ⛛ ⛚ ⛛ ⛚ 
⛊ ⛊ ⛊ ⛚ ⛊ ⛊ ⛚ ⛚ ⛛ ⛚ ⛛ ⛛ ⛛ ⛚ 

player 0: 63
player 1: 60
